# JRE version: OpenJDK Runtime Environment (11.0.12+7) (build 11.0.12+7-b1504.28-7817840)
# Java VM: OpenJDK 64-Bit Server VM (11.0.12+7-b1504.28-7817840, mixed mode, tiered, compressed oops, g1 gc, windows-amd64)
Heap:
 garbage-first heap   total 229376K, used 130682K [0x0000000080000000, 0x0000000100000000)
  region size 1024K, 59 young (60416K), 12 survivors (12288K)
 Metaspace       used 94497K, capacity 96779K, committed 97024K, reserved 1132544K
  class space    used 12162K, capacity 13027K, committed 13056K, reserved 1048576K
GC Heap History (20 events):
Event: 7.478 GC heap before
{Heap before GC invocations=6 (full 0):
 garbage-first heap   total 229376K, used 139947K [0x0000000080000000, 0x0000000100000000)
  region size 1024K, 118 young (120832K), 6 survivors (6144K)
 Metaspace       used 44791K, capacity 45843K, committed 46080K, reserved 1089536K
  class space    used 5747K, capacity 6133K, committed 6144K, reserved 1048576K
}
Event: 7.489 GC heap after
{Heap after GC invocations=7 (full 0):
 garbage-first heap   total 229376K, used 29495K [0x0000000080000000, 0x0000000100000000)
  region size 1024K, 13 young (13312K), 13 survivors (13312K)
 Metaspace       used 44791K, capacity 45843K, committed 46080K, reserved 1089536K
  class space    used 5747K, capacity 6133K, committed 6144K, reserved 1048576K
}
Event: 10.313 GC heap before
{Heap before GC invocations=7 (full 0):
 garbage-first heap   total 229376K, used 154423K [0x0000000080000000, 0x0000000100000000)
  region size 1024K, 132 young (135168K), 13 survivors (13312K)
 Metaspace       used 52161K, capacity 53482K, committed 53504K, reserved 1095680K
  class space    used 6671K, capacity 7147K, committed 7168K, reserved 1048576K
}
Event: 10.328 GC heap after
{Heap after GC invocations=8 (full 0):
 garbage-first heap   total 229376K, used 44066K [0x0000000080000000, 0x0000000100000000)
  region size 1024K, 17 young (17408K), 17 survivors (17408K)
 Metaspace       used 52161K, capacity 53482K, committed 53504K, reserved 1095680K
  class space    used 6671K, capacity 7147K, committed 7168K, reserved 1048576K
}
Event: 11.412 GC heap before
{Heap before GC invocations=8 (full 0):
 garbage-first heap   total 229376K, used 86050K [0x0000000080000000, 0x0000000100000000)
  region size 1024K, 59 young (60416K), 17 survivors (17408K)
 Metaspace       used 58646K, capacity 60047K, committed 60160K, reserved 1101824K
  class space    used 7481K, capacity 7988K, committed 8064K, reserved 1048576K
}
Event: 11.439 GC heap after
{Heap after GC invocations=9 (full 0):
 garbage-first heap   total 229376K, used 47883K [0x0000000080000000, 0x0000000100000000)
  region size 1024K, 4 young (4096K), 4 survivors (4096K)
 Metaspace       used 58646K, capacity 60047K, committed 60160K, reserved 1101824K
  class space    used 7481K, capacity 7988K, committed 8064K, reserved 1048576K
}
Event: 13.222 GC heap before
{Heap before GC invocations=10 (full 0):
 garbage-first heap   total 229376K, used 135947K [0x0000000080000000, 0x0000000100000000)
  region size 1024K, 90 young (92160K), 4 survivors (4096K)
 Metaspace       used 65526K, capacity 67112K, committed 67456K, reserved 1107968K
  class space    used 8377K, capacity 8964K, committed 9088K, reserved 1048576K
}
Event: 13.230 GC heap after
{Heap after GC invocations=11 (full 0):
 garbage-first heap   total 229376K, used 53224K [0x0000000080000000, 0x0000000100000000)
  region size 1024K, 9 young (9216K), 9 survivors (9216K)
 Metaspace       used 65526K, capacity 67112K, committed 67456K, reserved 1107968K
  class space    used 8377K, capacity 8964K, committed 9088K, reserved 1048576K
}
Event: 14.907 GC heap before
{Heap before GC invocations=11 (full 0):
 garbage-first heap   total 229376K, used 144360K [0x0000000080000000, 0x0000000100000000)
  region size 1024K, 98 young (100352K), 9 survivors (9216K)
 Metaspace       used 71233K, capacity 72799K, committed 72960K, reserved 1112064K
  class space    used 9290K, capacity 9869K, committed 9984K, reserved 1048576K
}
Event: 14.920 GC heap after
{Heap after GC invocations=12 (full 0):
 garbage-first heap   total 229376K, used 59798K [0x0000000080000000, 0x0000000100000000)
  region size 1024K, 7 young (7168K), 7 survivors (7168K)
 Metaspace       used 71233K, capacity 72799K, committed 72960K, reserved 1112064K
  class space    used 9290K, capacity 9869K, committed 9984K, reserved 1048576K
}
Event: 17.177 GC heap before
{Heap before GC invocations=12 (full 0):
 garbage-first heap   total 229376K, used 152982K [0x0000000080000000, 0x0000000100000000)
  region size 1024K, 98 young (100352K), 7 survivors (7168K)
 Metaspace       used 78827K, capacity 80706K, committed 81024K, reserved 1120256K
  class space    used 10347K, capacity 11022K, committed 11136K, reserved 1048576K
}
Event: 17.188 GC heap after
{Heap after GC invocations=13 (full 0):
 garbage-first heap   total 229376K, used 65311K [0x0000000080000000, 0x0000000100000000)
  region size 1024K, 12 young (12288K), 12 survivors (12288K)
 Metaspace       used 78827K, capacity 80706K, committed 81024K, reserved 1120256K
  class space    used 10347K, capacity 11022K, committed 11136K, reserved 1048576K
}
Event: 19.732 GC heap before
{Heap before GC invocations=13 (full 0):
 garbage-first heap   total 229376K, used 159519K [0x0000000080000000, 0x0000000100000000)
  region size 1024K, 105 young (107520K), 12 survivors (12288K)
 Metaspace       used 82136K, capacity 84328K, committed 84480K, reserved 1122304K
  class space    used 10836K, capacity 11650K, committed 11776K, reserved 1048576K
}
Event: 19.746 GC heap after
{Heap after GC invocations=14 (full 0):
 garbage-first heap   total 229376K, used 73257K [0x0000000080000000, 0x0000000100000000)
  region size 1024K, 14 young (14336K), 14 survivors (14336K)
 Metaspace       used 82136K, capacity 84328K, committed 84480K, reserved 1122304K
  class space    used 10836K, capacity 11650K, committed 11776K, reserved 1048576K
}
Event: 22.156 GC heap before
{Heap before GC invocations=14 (full 0):
 garbage-first heap   total 229376K, used 184873K [0x0000000080000000, 0x0000000100000000)
  region size 1024K, 105 young (107520K), 14 survivors (14336K)
 Metaspace       used 87218K, capacity 89509K, committed 89856K, reserved 1126400K
  class space    used 11345K, capacity 12185K, committed 12288K, reserved 1048576K
}
Event: 22.169 GC heap after
{Heap after GC invocations=15 (full 0):
 garbage-first heap   total 229376K, used 75820K [0x0000000080000000, 0x0000000100000000)
  region size 1024K, 3 young (3072K), 3 survivors (3072K)
 Metaspace       used 87218K, capacity 89509K, committed 89856K, reserved 1126400K
  class space    used 11345K, capacity 12185K, committed 12288K, reserved 1048576K
}
Event: 24.559 GC heap before
{Heap before GC invocations=15 (full 0):
 garbage-first heap   total 229376K, used 170028K [0x0000000080000000, 0x0000000100000000)
  region size 1024K, 96 young (98304K), 3 survivors (3072K)
 Metaspace       used 92787K, capacity 94983K, committed 95104K, reserved 1132544K
  class space    used 12023K, capacity 12846K, committed 12928K, reserved 1048576K
}
Event: 24.564 GC heap after
{Heap after GC invocations=16 (full 0):
 garbage-first heap   total 229376K, used 77723K [0x0000000080000000, 0x0000000100000000)
  region size 1024K, 5 young (5120K), 5 survivors (5120K)
 Metaspace       used 92787K, capacity 94983K, committed 95104K, reserved 1132544K
  class space    used 12023K, capacity 12846K, committed 12928K, reserved 1048576K
}
Event: 26.212 GC heap before
{Heap before GC invocations=16 (full 0):
 garbage-first heap   total 229376K, used 173979K [0x0000000080000000, 0x0000000100000000)
  region size 1024K, 100 young (102400K), 5 survivors (5120K)
 Metaspace       used 93578K, capacity 95896K, committed 96256K, reserved 1132544K
  class space    used 12072K, capacity 12934K, committed 13056K, reserved 1048576K
}
Event: 26.224 GC heap after
{Heap after GC invocations=17 (full 0):
 garbage-first heap   total 229376K, used 84602K [0x0000000080000000, 0x0000000100000000)
  region size 1024K, 12 young (12288K), 12 survivors (12288K)
 Metaspace       used 93578K, capacity 95896K, committed 96256K, reserved 1132544K
  class space    used 12072K, capacity 12934K, committed 13056K, reserved 1048576K
}

