# JRE version: OpenJDK Runtime Environment (11.0.12+7) (build 11.0.12+7-b1504.28-7817840)
# Java VM: OpenJDK 64-Bit Server VM (11.0.12+7-b1504.28-7817840, mixed mode, tiered, compressed oops, g1 gc, windows-amd64)
Heap:
 garbage-first heap   total 229376K, used 48702K [0x0000000080000000, 0x0000000100000000)
  region size 1024K, 5 young (5120K), 4 survivors (4096K)
 Metaspace       used 58589K, capacity 60093K, committed 60204K, reserved 1101824K
  class space    used 7472K, capacity 8047K, committed 8064K, reserved 1048576K
GC Heap History (12 events):
Event: 1.670 GC heap before
{Heap before GC invocations=0 (full 0):
 garbage-first heap   total 229376K, used 30720K [0x0000000080000000, 0x0000000100000000)
  region size 1024K, 24 young (24576K), 0 survivors (0K)
 Metaspace       used 10251K, capacity 10555K, committed 10624K, reserved 1058816K
  class space    used 1072K, capacity 1141K, committed 1152K, reserved 1048576K
}
Event: 1.676 GC heap after
{Heap after GC invocations=1 (full 0):
 garbage-first heap   total 229376K, used 9737K [0x0000000080000000, 0x0000000100000000)
  region size 1024K, 3 young (3072K), 3 survivors (3072K)
 Metaspace       used 10251K, capacity 10555K, committed 10624K, reserved 1058816K
  class space    used 1072K, capacity 1141K, committed 1152K, reserved 1048576K
}
Event: 5.492 GC heap before
{Heap before GC invocations=1 (full 0):
 garbage-first heap   total 229376K, used 112137K [0x0000000080000000, 0x0000000100000000)
  region size 1024K, 104 young (106496K), 3 survivors (3072K)
 Metaspace       used 20731K, capacity 21140K, committed 21248K, reserved 1067008K
  class space    used 2555K, capacity 2713K, committed 2816K, reserved 1048576K
}
Event: 5.504 GC heap after
{Heap after GC invocations=2 (full 0):
 garbage-first heap   total 229376K, used 17067K [0x0000000080000000, 0x0000000100000000)
  region size 1024K, 11 young (11264K), 11 survivors (11264K)
 Metaspace       used 20731K, capacity 21140K, committed 21248K, reserved 1067008K
  class space    used 2555K, capacity 2713K, committed 2816K, reserved 1048576K
}
Event: 6.534 GC heap before
{Heap before GC invocations=3 (full 0):
 garbage-first heap   total 229376K, used 65195K [0x0000000080000000, 0x0000000100000000)
  region size 1024K, 58 young (59392K), 11 survivors (11264K)
 Metaspace       used 25617K, capacity 26229K, committed 26368K, reserved 1073152K
  class space    used 3315K, capacity 3521K, committed 3584K, reserved 1048576K
}
Event: 6.543 GC heap after
{Heap after GC invocations=4 (full 0):
 garbage-first heap   total 229376K, used 19434K [0x0000000080000000, 0x0000000100000000)
  region size 1024K, 3 young (3072K), 3 survivors (3072K)
 Metaspace       used 25617K, capacity 26229K, committed 26368K, reserved 1073152K
  class space    used 3315K, capacity 3521K, committed 3584K, reserved 1048576K
}
Event: 8.347 GC heap before
{Heap before GC invocations=4 (full 0):
 garbage-first heap   total 229376K, used 83946K [0x0000000080000000, 0x0000000100000000)
  region size 1024K, 67 young (68608K), 3 survivors (3072K)
 Metaspace       used 34899K, capacity 35714K, committed 35840K, reserved 1081344K
  class space    used 4534K, capacity 4839K, committed 4864K, reserved 1048576K
}
Event: 8.359 GC heap after
{Heap after GC invocations=5 (full 0):
 garbage-first heap   total 229376K, used 22382K [0x0000000080000000, 0x0000000100000000)
  region size 1024K, 6 young (6144K), 6 survivors (6144K)
 Metaspace       used 34899K, capacity 35714K, committed 35840K, reserved 1081344K
  class space    used 4534K, capacity 4839K, committed 4864K, reserved 1048576K
}
Event: 10.997 GC heap before
{Heap before GC invocations=6 (full 0):
 garbage-first heap   total 229376K, used 145262K [0x0000000080000000, 0x0000000100000000)
  region size 1024K, 123 young (125952K), 6 survivors (6144K)
 Metaspace       used 44999K, capacity 46092K, committed 46208K, reserved 1089536K
  class space    used 5786K, capacity 6174K, committed 6272K, reserved 1048576K
}
Event: 11.009 GC heap after
{Heap after GC invocations=7 (full 0):
 garbage-first heap   total 229376K, used 30085K [0x0000000080000000, 0x0000000100000000)
  region size 1024K, 13 young (13312K), 13 survivors (13312K)
 Metaspace       used 44999K, capacity 46092K, committed 46208K, reserved 1089536K
  class space    used 5786K, capacity 6174K, committed 6272K, reserved 1048576K
}
Event: 14.051 GC heap before
{Heap before GC invocations=7 (full 0):
 garbage-first heap   total 229376K, used 158085K [0x0000000080000000, 0x0000000100000000)
  region size 1024K, 134 young (137216K), 13 survivors (13312K)
 Metaspace       used 52983K, capacity 54337K, committed 54400K, reserved 1095680K
  class space    used 6765K, capacity 7241K, committed 7296K, reserved 1048576K
}
Event: 14.069 GC heap after
{Heap after GC invocations=8 (full 0):
 garbage-first heap   total 229376K, used 45178K [0x0000000080000000, 0x0000000100000000)
  region size 1024K, 17 young (17408K), 17 survivors (17408K)
 Metaspace       used 52983K, capacity 54337K, committed 54400K, reserved 1095680K
  class space    used 6765K, capacity 7241K, committed 7296K, reserved 1048576K
}

